# Logfile created on 2014-03-04 18:32:44 -0800 by logger.rb/36483
I, [2014-03-04T18:32:44.187453 #7080]  INFO -- : 0:  blankslate (2.1.2.4) from /home/corey/.rvm/gems/ruby-2.0.0-p0@jekyll/specifications/blankslate-2.1.2.4.gemspec
I, [2014-03-04T18:32:44.189440 #7080]  INFO -- : 0:  fast-stemmer (1.0.2) from /home/corey/.rvm/gems/ruby-2.0.0-p0@jekyll/specifications/fast-stemmer-1.0.2.gemspec
I, [2014-03-04T18:32:44.191184 #7080]  INFO -- : 0:  classifier (1.3.4) from /home/corey/.rvm/gems/ruby-2.0.0-p0@jekyll/specifications/classifier-1.3.4.gemspec
I, [2014-03-04T18:32:44.192750 #7080]  INFO -- : 0:  colorator (0.1) from /home/corey/.rvm/gems/ruby-2.0.0-p0@jekyll/specifications/colorator-0.1.gemspec
I, [2014-03-04T18:32:45.292749 #7080]  INFO -- : 0:  highline (1.6.21) from /home/corey/.rvm/gems/ruby-2.0.0-p0@jekyll/specifications/highline-1.6.21.gemspec
I, [2014-03-04T18:32:46.144551 #7080]  INFO -- : 0:  commander (4.1.6) from /home/corey/.rvm/gems/ruby-2.0.0-p0@jekyll/specifications/commander-4.1.6.gemspec
I, [2014-03-04T18:32:46.147034 #7080]  INFO -- : 0:  execjs (2.0.2) from /home/corey/.rvm/gems/ruby-2.0.0-p0@jekyll/specifications/execjs-2.0.2.gemspec
I, [2014-03-04T18:32:46.148764 #7080]  INFO -- : 0:  ffi (1.9.3) from /home/corey/.rvm/gems/ruby-2.0.0-p0@jekyll/specifications/ffi-1.9.3.gemspec
I, [2014-03-04T18:32:46.150425 #7080]  INFO -- : 0:  hike (1.2.3) from /home/corey/.rvm/gems/ruby-2.0.0-p0@jekyll/specifications/hike-1.2.3.gemspec
I, [2014-03-04T18:32:47.135197 #7080]  INFO -- : 0:  liquid (2.5.5) from /home/corey/.rvm/gems/ruby-2.0.0-p0@jekyll/specifications/liquid-2.5.5.gemspec
I, [2014-03-04T18:32:47.137179 #7080]  INFO -- : 0:  rb-fsevent (0.9.4) from /home/corey/.rvm/gems/ruby-2.0.0-p0@jekyll/specifications/rb-fsevent-0.9.4.gemspec
I, [2014-03-04T18:32:47.139065 #7080]  INFO -- : 0:  rb-inotify (0.9.3) from /home/corey/.rvm/gems/ruby-2.0.0-p0@jekyll/specifications/rb-inotify-0.9.3.gemspec
I, [2014-03-04T18:32:47.880542 #7080]  INFO -- : 0:  rb-kqueue (0.2.2) from /home/corey/.rvm/gems/ruby-2.0.0-p0@jekyll/specifications/rb-kqueue-0.2.2.gemspec
I, [2014-03-04T18:32:47.882912 #7080]  INFO -- : 0:  listen (1.3.1) from /home/corey/.rvm/gems/ruby-2.0.0-p0@jekyll/specifications/listen-1.3.1.gemspec
I, [2014-03-04T18:32:49.612219 #7080]  INFO -- : 0:  maruku (0.7.1) from /home/corey/.rvm/gems/ruby-2.0.0-p0@jekyll/specifications/maruku-0.7.1.gemspec
I, [2014-03-04T18:32:49.614557 #7080]  INFO -- : 0:  posix-spawn (0.3.8) from /home/corey/.rvm/gems/ruby-2.0.0-p0@jekyll/specifications/posix-spawn-0.3.8.gemspec
I, [2014-03-04T18:32:49.616397 #7080]  INFO -- : 0:  yajl-ruby (1.1.0) from /home/corey/.rvm/gems/ruby-2.0.0-p0@jekyll/specifications/yajl-ruby-1.1.0.gemspec
I, [2014-03-04T18:32:49.618127 #7080]  INFO -- : 0:  pygments.rb (0.5.4) from /home/corey/.rvm/gems/ruby-2.0.0-p0@jekyll/specifications/pygments.rb-0.5.4.gemspec
I, [2014-03-04T18:32:49.619929 #7080]  INFO -- : 0:  redcarpet (2.3.0) from /home/corey/.rvm/gems/ruby-2.0.0-p0@jekyll/specifications/redcarpet-2.3.0.gemspec
I, [2014-03-04T18:32:49.621679 #7080]  INFO -- : 0:  safe_yaml (0.9.7) from /home/corey/.rvm/gems/ruby-2.0.0-p0@jekyll/specifications/safe_yaml-0.9.7.gemspec
I, [2014-03-04T18:32:49.623423 #7080]  INFO -- : 0:  parslet (1.5.0) from /home/corey/.rvm/gems/ruby-2.0.0-p0@jekyll/specifications/parslet-1.5.0.gemspec
I, [2014-03-04T18:32:50.675454 #7080]  INFO -- : 0:  toml (0.1.1) from /home/corey/.rvm/gems/ruby-2.0.0-p0@jekyll/specifications/toml-0.1.1.gemspec
I, [2014-03-04T18:32:52.946898 #7080]  INFO -- : 0:  jekyll (1.4.3) from /home/corey/.rvm/gems/ruby-2.0.0-p0@jekyll/specifications/jekyll-1.4.3.gemspec
I, [2014-03-04T18:32:54.201337 #7080]  INFO -- : 0:  multi_json (1.9.0) from /home/corey/.rvm/gems/ruby-2.0.0-p0@jekyll/specifications/multi_json-1.9.0.gemspec
I, [2014-03-04T18:32:54.203678 #7080]  INFO -- : 0:  rack (1.5.2) from /home/corey/.rvm/gems/ruby-2.0.0-p0@jekyll/specifications/rack-1.5.2.gemspec
I, [2014-03-04T18:32:54.205557 #7080]  INFO -- : 0:  tilt (1.4.1) from /home/corey/.rvm/gems/ruby-2.0.0-p0@jekyll/specifications/tilt-1.4.1.gemspec
I, [2014-03-04T18:32:56.084391 #7080]  INFO -- : 0:  sprockets (2.11.0) from /home/corey/.rvm/gems/ruby-2.0.0-p0@jekyll/specifications/sprockets-2.11.0.gemspec
I, [2014-03-04T18:32:57.153609 #7080]  INFO -- : 0:  jekyll-assets (0.7.6) from /home/corey/.rvm/gems/ruby-2.0.0-p0@jekyll/specifications/jekyll-assets-0.7.6.gemspec
I, [2014-03-04T18:32:57.155959 #7080]  INFO -- : 0:  json (1.8.1) from /home/corey/.rvm/gems/ruby-2.0.0-p0@jekyll/specifications/json-1.8.1.gemspec
I, [2014-03-04T18:32:57.157897 #7080]  INFO -- : 0:  libv8 (3.16.14.3) from /home/corey/.rvm/gems/ruby-2.0.0-p0@jekyll/specifications/libv8-3.16.14.3-x86_64-linux.gemspec
I, [2014-03-04T18:32:57.159783 #7080]  INFO -- : 0:  rdiscount (2.1.7) from /home/corey/.rvm/gems/ruby-2.0.0-p0@jekyll/specifications/rdiscount-2.1.7.gemspec
I, [2014-03-04T18:32:57.161583 #7080]  INFO -- : 0:  ref (1.0.5) from /home/corey/.rvm/gems/ruby-2.0.0-p0@jekyll/specifications/ref-1.0.5.gemspec
I, [2014-03-04T18:33:00.335575 #7080]  INFO -- : 0:  sass (3.2.14) from /home/corey/.rvm/gems/ruby-2.0.0-p0@jekyll/specifications/sass-3.2.14.gemspec
I, [2014-03-04T18:34:12.679009 #7080]  INFO -- : 0:  therubyracer (0.12.1) from /home/corey/.rvm/gems/ruby-2.0.0-p0@jekyll/specifications/therubyracer-0.12.1.gemspec
I, [2014-03-04T18:34:12.681390 #7080]  INFO -- : 0:  uglifier (2.4.0) from /home/corey/.rvm/gems/ruby-2.0.0-p0@jekyll/specifications/uglifier-2.4.0.gemspec
I, [2014-03-04T18:34:12.683393 #7080]  INFO -- : 0:  bundler (1.5.1) from /home/corey/.rvm/gems/ruby-2.0.0-p0@jekyll/specifications/bundler-1.5.1.gemspec
I, [2014-03-04T18:40:27.092492 #7428]  INFO -- : 0:  blankslate (2.1.2.4) from /home/corey/.rvm/gems/ruby-2.0.0-p0@jekyll/specifications/blankslate-2.1.2.4.gemspec
I, [2014-03-04T18:40:27.094717 #7428]  INFO -- : 0:  fast-stemmer (1.0.2) from /home/corey/.rvm/gems/ruby-2.0.0-p0@jekyll/specifications/fast-stemmer-1.0.2.gemspec
I, [2014-03-04T18:40:27.096417 #7428]  INFO -- : 0:  classifier (1.3.4) from /home/corey/.rvm/gems/ruby-2.0.0-p0@jekyll/specifications/classifier-1.3.4.gemspec
I, [2014-03-04T18:40:27.097962 #7428]  INFO -- : 0:  colorator (0.1) from /home/corey/.rvm/gems/ruby-2.0.0-p0@jekyll/specifications/colorator-0.1.gemspec
I, [2014-03-04T18:40:27.099621 #7428]  INFO -- : 0:  highline (1.6.21) from /home/corey/.rvm/gems/ruby-2.0.0-p0@jekyll/specifications/highline-1.6.21.gemspec
I, [2014-03-04T18:40:27.101153 #7428]  INFO -- : 0:  commander (4.1.6) from /home/corey/.rvm/gems/ruby-2.0.0-p0@jekyll/specifications/commander-4.1.6.gemspec
I, [2014-03-04T18:40:27.102756 #7428]  INFO -- : 0:  execjs (2.0.2) from /home/corey/.rvm/gems/ruby-2.0.0-p0@jekyll/specifications/execjs-2.0.2.gemspec
I, [2014-03-04T18:40:27.104288 #7428]  INFO -- : 0:  ffi (1.9.3) from /home/corey/.rvm/gems/ruby-2.0.0-p0@jekyll/specifications/ffi-1.9.3.gemspec
I, [2014-03-04T18:40:27.105776 #7428]  INFO -- : 0:  hike (1.2.3) from /home/corey/.rvm/gems/ruby-2.0.0-p0@jekyll/specifications/hike-1.2.3.gemspec
I, [2014-03-04T18:40:27.107369 #7428]  INFO -- : 0:  liquid (2.5.5) from /home/corey/.rvm/gems/ruby-2.0.0-p0@jekyll/specifications/liquid-2.5.5.gemspec
I, [2014-03-04T18:40:27.108873 #7428]  INFO -- : 0:  rb-fsevent (0.9.4) from /home/corey/.rvm/gems/ruby-2.0.0-p0@jekyll/specifications/rb-fsevent-0.9.4.gemspec
I, [2014-03-04T18:40:27.110424 #7428]  INFO -- : 0:  rb-inotify (0.9.3) from /home/corey/.rvm/gems/ruby-2.0.0-p0@jekyll/specifications/rb-inotify-0.9.3.gemspec
I, [2014-03-04T18:40:27.111940 #7428]  INFO -- : 0:  rb-kqueue (0.2.2) from /home/corey/.rvm/gems/ruby-2.0.0-p0@jekyll/specifications/rb-kqueue-0.2.2.gemspec
I, [2014-03-04T18:40:27.113420 #7428]  INFO -- : 0:  listen (1.3.1) from /home/corey/.rvm/gems/ruby-2.0.0-p0@jekyll/specifications/listen-1.3.1.gemspec
I, [2014-03-04T18:40:27.115136 #7428]  INFO -- : 0:  maruku (0.7.1) from /home/corey/.rvm/gems/ruby-2.0.0-p0@jekyll/specifications/maruku-0.7.1.gemspec
I, [2014-03-04T18:40:27.116720 #7428]  INFO -- : 0:  posix-spawn (0.3.8) from /home/corey/.rvm/gems/ruby-2.0.0-p0@jekyll/specifications/posix-spawn-0.3.8.gemspec
I, [2014-03-04T18:40:27.118190 #7428]  INFO -- : 0:  yajl-ruby (1.1.0) from /home/corey/.rvm/gems/ruby-2.0.0-p0@jekyll/specifications/yajl-ruby-1.1.0.gemspec
I, [2014-03-04T18:40:27.119908 #7428]  INFO -- : 0:  pygments.rb (0.5.4) from /home/corey/.rvm/gems/ruby-2.0.0-p0@jekyll/specifications/pygments.rb-0.5.4.gemspec
I, [2014-03-04T18:40:27.121410 #7428]  INFO -- : 0:  redcarpet (2.3.0) from /home/corey/.rvm/gems/ruby-2.0.0-p0@jekyll/specifications/redcarpet-2.3.0.gemspec
I, [2014-03-04T18:40:27.122948 #7428]  INFO -- : 0:  safe_yaml (0.9.7) from /home/corey/.rvm/gems/ruby-2.0.0-p0@jekyll/specifications/safe_yaml-0.9.7.gemspec
I, [2014-03-04T18:40:27.124392 #7428]  INFO -- : 0:  parslet (1.5.0) from /home/corey/.rvm/gems/ruby-2.0.0-p0@jekyll/specifications/parslet-1.5.0.gemspec
I, [2014-03-04T18:40:27.125835 #7428]  INFO -- : 0:  toml (0.1.1) from /home/corey/.rvm/gems/ruby-2.0.0-p0@jekyll/specifications/toml-0.1.1.gemspec
I, [2014-03-04T18:40:27.127512 #7428]  INFO -- : 0:  jekyll (1.4.3) from /home/corey/.rvm/gems/ruby-2.0.0-p0@jekyll/specifications/jekyll-1.4.3.gemspec
I, [2014-03-04T18:40:27.129054 #7428]  INFO -- : 0:  multi_json (1.9.0) from /home/corey/.rvm/gems/ruby-2.0.0-p0@jekyll/specifications/multi_json-1.9.0.gemspec
I, [2014-03-04T18:40:27.130603 #7428]  INFO -- : 0:  rack (1.5.2) from /home/corey/.rvm/gems/ruby-2.0.0-p0@jekyll/specifications/rack-1.5.2.gemspec
I, [2014-03-04T18:40:27.132119 #7428]  INFO -- : 0:  tilt (1.4.1) from /home/corey/.rvm/gems/ruby-2.0.0-p0@jekyll/specifications/tilt-1.4.1.gemspec
I, [2014-03-04T18:40:27.133642 #7428]  INFO -- : 0:  sprockets (2.11.0) from /home/corey/.rvm/gems/ruby-2.0.0-p0@jekyll/specifications/sprockets-2.11.0.gemspec
I, [2014-03-04T18:40:27.135263 #7428]  INFO -- : 0:  jekyll-assets (0.7.6) from /home/corey/.rvm/gems/ruby-2.0.0-p0@jekyll/specifications/jekyll-assets-0.7.6.gemspec
I, [2014-03-04T18:40:27.136736 #7428]  INFO -- : 0:  json (1.8.1) from /home/corey/.rvm/gems/ruby-2.0.0-p0@jekyll/specifications/json-1.8.1.gemspec
I, [2014-03-04T18:40:27.138305 #7428]  INFO -- : 0:  libv8 (3.16.14.3) from /home/corey/.rvm/gems/ruby-2.0.0-p0@jekyll/specifications/libv8-3.16.14.3-x86_64-linux.gemspec
I, [2014-03-04T18:40:27.139986 #7428]  INFO -- : 0:  rdiscount (2.1.7) from /home/corey/.rvm/gems/ruby-2.0.0-p0@jekyll/specifications/rdiscount-2.1.7.gemspec
I, [2014-03-04T18:40:27.141667 #7428]  INFO -- : 0:  ref (1.0.5) from /home/corey/.rvm/gems/ruby-2.0.0-p0@jekyll/specifications/ref-1.0.5.gemspec
I, [2014-03-04T18:40:27.143392 #7428]  INFO -- : 0:  sass (3.2.14) from /home/corey/.rvm/gems/ruby-2.0.0-p0@jekyll/specifications/sass-3.2.14.gemspec
I, [2014-03-04T18:40:27.144896 #7428]  INFO -- : 0:  therubyracer (0.12.1) from /home/corey/.rvm/gems/ruby-2.0.0-p0@jekyll/specifications/therubyracer-0.12.1.gemspec
I, [2014-03-04T18:40:27.146686 #7428]  INFO -- : 0:  uglifier (2.4.0) from /home/corey/.rvm/gems/ruby-2.0.0-p0@jekyll/specifications/uglifier-2.4.0.gemspec
I, [2014-03-04T18:40:27.148158 #7428]  INFO -- : 0:  bundler (1.5.1) from /home/corey/.rvm/gems/ruby-2.0.0-p0@jekyll/specifications/bundler-1.5.1.gemspec
